[INFO ] 2021-10-17 08:55:39.876 [main] Contact - driver initialized
[INFO ] 2021-10-17 08:55:41.407 [main] Contact - successfully submitted
[INFO ] 2021-10-17 08:55:42.223 [main] Contact - successfully submitted
[INFO ] 2021-10-17 08:55:43.038 [main] Contact - successfully submitted
[INFO ] 2021-10-17 08:55:43.078 [main] Contact - navBar is displayed
[INFO ] 2021-10-17 08:55:43.085 [main] Contact - title validated
[INFO ] 2021-10-17 08:55:43.179 [main] Contact - driver closed
[INFO ] 2021-10-17 08:57:21.683 [main] Contact - driver initialized
[INFO ] 2021-10-17 08:57:23.176 [main] Contact - successfully submitted
[INFO ] 2021-10-17 08:57:24.023 [main] Contact - successfully submitted
[INFO ] 2021-10-17 08:57:24.908 [main] Contact - successfully submitted
[INFO ] 2021-10-17 08:57:24.963 [main] Contact - navBar is displayed
[INFO ] 2021-10-17 08:57:24.970 [main] Contact - title validated
[INFO ] 2021-10-17 08:57:25.158 [main] Contact - driver closed
[INFO ] 2021-10-17 09:04:05.340 [main] Contact - driver initialized
[INFO ] 2021-10-17 09:04:07.094 [main] Contact - successfully submitted
[INFO ] 2021-10-17 09:04:07.965 [main] Contact - successfully submitted
[INFO ] 2021-10-17 09:04:08.831 [main] Contact - successfully submitted
[INFO ] 2021-10-17 09:04:08.871 [main] Contact - navBar is displayed
[INFO ] 2021-10-17 09:04:08.881 [main] Contact - title validated
[INFO ] 2021-10-17 09:04:08.950 [main] Contact - driver closed
[INFO ] 2021-10-17 09:06:03.575 [main] Contact - driver initialized
[INFO ] 2021-10-17 09:06:05.226 [main] Contact - successfully submitted
[INFO ] 2021-10-17 09:06:06.075 [main] Contact - successfully submitted
[INFO ] 2021-10-17 09:06:06.925 [main] Contact - successfully submitted
[INFO ] 2021-10-17 09:06:06.970 [main] Contact - navBar is displayed
[INFO ] 2021-10-17 09:06:07.225 [main] Contact - driver closed
